<?xml version="1.0" encoding="utf-8"?><testsuites name="pytest tests"><testsuite name="pytest" errors="0" failures="0" skipped="0" tests="12" time="5.479" timestamp="2026-09-11T10:10:43.831041+00:00" hostname="agent-env-4b8f16a7-8028-43ac-89e8-606a0b83d556"><testcase classname="tests.backend_test" name="test_root" time="0.315" /><testcase classname="tests.backend_test" name="test_create_contact_enquiry" time="0.083" /><testcase classname="tests.backend_test" name="test_login_wrong_password" time="0.311" /><testcase classname="tests.backend_test" name="test_login_correct" time="0.305" /><testcase classname="tests.backend_test" name="test_enquiries_no_token" time="0.075" /><testcase classname="tests.backend_test" name="test_enquiries_list" time="0.381" /><testcase classname="tests.backend_test" name="test_me" time="0.077" /><testcase classname="tests.backend_test" name="test_patch_toggle_read_and_star" time="0.160" /><testcase classname="tests.backend_test" name="test_patch_unknown" time="0.076" /><testcase classname="tests.backend_test" name="test_patch_empty_body" time="0.077" /><testcase classname="tests.backend_test" name="test_delete_and_repeat" time="0.253" /><testcase classname="tests.backend_test" name="test_zzz_brute_force_lockout" time="2.290" /></testsuite></testsuites>